<?xml version="1.0" encoding="UTF-8"?>
<testsuite xmlns:xsi="http://www.w3.org/2001/XMLSchema-instance" xsi:noNamespaceSchemaLocation="https://maven.apache.org/surefire/maven-surefire-plugin/xsd/surefire-test-report.xsd" version="3.0.2" name="com.devops.patient_management.PatientManagementApplicationTests" time="2.584" tests="1" errors="0" skipped="0" failures="0">
  <properties>
[...]
</properties>
  <testcase name="contextLoads" classname="com.devops.patient_management.PatientManagementApplicationTests" time="0.533">
    <system-out><![CDATA[20:36:32.245 [main] INFO org.springframework.test.context.support.AnnotationConfigContextLoaderUtils -- Could not detect default configuration classes for test class [com.devops.patient_management.PatientManagementApplicationTests]: PatientManagementApplicationTests does not declare any static, non-private, non-final, nested classes annotated with @Configuration.
20:36:32.318 [main] INFO org.springframework.boot.test.context.SpringBootTestContextBootstrapper -- Found @SpringBootConfiguration com.devops.patient_management.PatientManagementApplication for test class com.devops.patient_management.PatientManagementApplicationTests

  .   ____          _            __ _ _
 /\\ / ___'_ __ _ _(_)_ __  __ _ \ \ \ \
( ( )\___ | '_ | '_| | '_ \/ _` | \ \ \ \
 \\/  ___)| |_)| | | | | || (_| |  ) ) ) )
  '  |____| .__|_| |_|_| |_\__, | / / / /
 =========|_|==============|___/=/_/_/_/

 :: Spring Boot ::                (v3.5.0)

2025-06-05T20:36:32.646+05:30  INFO 51210 --- [patient-management] [           main] c.d.p.PatientManagementApplicationTests  : Starting PatientManagementApplicationTests using Java 17.0.15 with PID 51210 (started by darshan in /home/darshan/Documents/Supriya_docs/new_POC/source_code/evalytica/patient-management)
2025-06-05T20:36:32.648+05:30  INFO 51210 --- [patient-management] [           main] c.d.p.PatientManagementApplicationTests  : No active profile set, falling back to 1 default profile: "default"
2025-06-05T20:36:34.056+05:30  INFO 51210 --- [patient-management] [           main] o.s.b.a.e.web.EndpointLinksResolver      : Exposing 13 endpoints beneath base path '/actuator'
2025-06-05T20:36:34.121+05:30  INFO 51210 --- [patient-management] [           main] c.d.p.PatientManagementApplicationTests  : Started PatientManagementApplicationTests in 1.689 seconds (process running for 2.344)
]]></system-out>
  </testcase>
</testsuite>